<?xml version="1.0" encoding="UTF-8"?>
<!-- Generated by org.testng.reporters.JUnitReportReporter -->
<testsuite hostname="LAPTOP-U8BF4RDO" failures="0" tests="10" name="Hybrid.logincrm" time="59.835" errors="0" timestamp="2022-05-22T16:38:05 IST" skipped="0">
  <testcase classname="Hybrid.logincrm" name="loginApp" time="30.601"/>
  <system-out/>
  <testcase classname="Hybrid.logincrm" name="signupapp" time="6.290"/>
  <system-out/>
  <testcase classname="Hybrid.logincrm" name="searchupapp" time="2.935"/>
  <system-out/>
  <testcase classname="Hybrid.logincrm" name="Bedapp" time="7.301"/>
  <system-out/>
  <testcase classname="Hybrid.logincrm" name="Bedappcart" time="3.421"/>
  <system-out/>
  <testcase classname="Hybrid.logincrm" name="assertionaa" time="1.914"/>
  <system-out/>
  <testcase classname="Hybrid.logincrm" name="tvappcart" time="1.444"/>
  <system-out/>
  <testcase classname="Hybrid.logincrm" name="studyapp" time="5.305"/>
  <system-out/>
  <testcase classname="Hybrid.logincrm" name="aboutapp" time="0.392"/>
  <system-out/>
  <testcase classname="Hybrid.logincrm" name="infoapp" time="0.232"/>
  <system-out/>
</testsuite> <!-- Hybrid.logincrm -->
